<?xml version="1.0" encoding="UTF-8"?>
<!-- Generated by org.testng.reporters.JUnitXMLReporter -->
<testsuite ignored="0" hostname="Nazmuls-MacBook-Pro.local" failures="0" tests="2" name="Surefire test" time="41.597" errors="0" timestamp="2022-07-19T14:41:15 GMT-04:00">
  <testcase classname="EndToEndSeleniumAutomation.TestCases_Class" name="homePageAmazon_01" time="23.397"/>
  <testcase classname="EndToEndSeleniumAutomation.TestCases_For_Home_Page_Validation" name="home_Bar_And_Title_Validate" time="0.079"/>
</testsuite> <!-- Surefire test -->
