<?xml version="1.0" encoding="UTF-8"?>
<testng-results ignored="0" total="2" passed="2" failed="0" skipped="0">
  <reporter-output>
  </reporter-output>
  <suite started-at="2022-07-19T14:40:34 GMT-04:00" name="Surefire suite" finished-at="2022-07-19T14:41:15 GMT-04:00" duration-ms="41597">
    <groups>
    </groups>
    <test started-at="2022-07-19T14:40:34 GMT-04:00" name="Surefire test" finished-at="2022-07-19T14:41:15 GMT-04:00" duration-ms="41597">
      <class name="EndToEndSeleniumAutomation.TestCases_For_Home_Page_Validation">
        <test-method is-config="true" signature="init_Driver()[pri:0, instance:EndToEndSeleniumAutomation.TestCases_For_Home_Page_Validation@1ec9bd38]" started-at="2022-07-19T14:40:36 GMT-04:00" name="init_Driver" finished-at="2022-07-19T14:40:51 GMT-04:00" duration-ms="15120" status="PASS">
          <reporter-output>
          </reporter-output>
        </test-method> <!-- init_Driver -->
        <test-method signature="home_Bar_And_Title_Validate()[pri:0, instance:EndToEndSeleniumAutomation.TestCases_For_Home_Page_Validation@1ec9bd38]" started-at="2022-07-19T14:41:15 GMT-04:00" name="home_Bar_And_Title_Validate" finished-at="2022-07-19T14:41:15 GMT-04:00" duration-ms="79" status="PASS">
          <reporter-output>
          </reporter-output>
        </test-method> <!-- home_Bar_And_Title_Validate -->
        <test-method is-config="true" signature="close_Browser()[pri:0, instance:EndToEndSeleniumAutomation.TestCases_For_Home_Page_Validation@1ec9bd38]" started-at="2022-07-19T14:41:15 GMT-04:00" name="close_Browser" finished-at="2022-07-19T14:41:15 GMT-04:00" duration-ms="151" status="PASS">
          <reporter-output>
          </reporter-output>
        </test-method> <!-- close_Browser -->
      </class> <!-- EndToEndSeleniumAutomation.TestCases_For_Home_Page_Validation -->
      <class name="EndToEndSeleniumAutomation.TestCases_Class">
        <test-method is-config="true" signature="init_Driver()[pri:0, instance:EndToEndSeleniumAutomation.TestCases_Class@51bd8b5c]" started-at="2022-07-19T14:40:34 GMT-04:00" name="init_Driver" finished-at="2022-07-19T14:40:36 GMT-04:00" duration-ms="2665" status="PASS">
          <reporter-output>
          </reporter-output>
        </test-method> <!-- init_Driver -->
        <test-method signature="homePageAmazon_01(java.lang.String,java.lang.String,java.lang.String)[pri:0, instance:EndToEndSeleniumAutomation.TestCases_Class@51bd8b5c]" started-at="2022-07-19T14:40:51 GMT-04:00" name="homePageAmazon_01" data-provider="getData" finished-at="2022-07-19T14:41:15 GMT-04:00" duration-ms="23397" status="PASS">
          <params>
            <param index="0">
              <value>
                <![CDATA[nazmul@gmail.com]]>
              </value>
            </param>
            <param index="1">
              <value>
                <![CDATA[12345]]>
              </value>
            </param>
            <param index="2">
              <value>
                <![CDATA[Passed]]>
              </value>
            </param>
          </params>
          <reporter-output>
          </reporter-output>
        </test-method> <!-- homePageAmazon_01 -->
        <test-method is-config="true" signature="close_Browser()[pri:0, instance:EndToEndSeleniumAutomation.TestCases_Class@51bd8b5c]" started-at="2022-07-19T14:41:15 GMT-04:00" name="close_Browser" finished-at="2022-07-19T14:41:15 GMT-04:00" duration-ms="142" status="PASS">
          <reporter-output>
          </reporter-output>
        </test-method> <!-- close_Browser -->
      </class> <!-- EndToEndSeleniumAutomation.TestCases_Class -->
    </test> <!-- Surefire test -->
  </suite> <!-- Surefire suite -->
</testng-results>
